<?xml version="1.0" encoding="UTF-8" ?>
<testsuite errors="0" failures="0" hostname="kevin-pc" name="calculatrice.FunctionTest" skipped="0" tests="2" time="0.187" timestamp="2015-11-18T20:15:44">
  <properties>
    <property name="java.vendor" value="Oracle Corporation" />
    <property name="lib.dir" value="D:\IMIE_COURS\Methodo-QL\MethodoQl\lib" />
    <property name="sun.java.launcher" value="SUN_STANDARD" />
    <property name="sun.management.compiler" value="HotSpot 64-Bit Tiered Compilers" />
    <property name="checkstyle.home.dir" value="D:\IMIE_COURS\Methodo-QL\MethodoQl\lib\checkstyle" />
    <property name="os.name" value="Windows 8.1" />
    <property name="sun.boot.class.path" value="C:\Program Files\Java\jdk1.8.0_65\jre\lib\resources.jar;C:\Program Files\Java\jdk1.8.0_65\jre\lib\rt.jar;C:\Program Files\Java\jdk1.8.0_65\jre\lib\sunrsasign.jar;C:\Program Files\Java\jdk1.8.0_65\jre\lib\jsse.jar;C:\Program Files\Java\jdk1.8.0_65\jre\lib\jce.jar;C:\Program Files\Java\jdk1.8.0_65\jre\lib\charsets.jar;C:\Program Files\Java\jdk1.8.0_65\jre\lib\jfr.jar;C:\Program Files\Java\jdk1.8.0_65\jre\classes" />
    <property name="sun.desktop" value="windows" />
    <property name="java.vm.specification.vendor" value="Oracle Corporation" />
    <property name="ant.home" value="D:\Programmation\Ant-1.9.6\apache-ant-1.9.6" />
    <property name="java.runtime.version" value="1.8.0_65-b17" />
    <property name="user.name" value="kévin" />
    <property name="build.dir" value="D:\IMIE_COURS\Methodo-QL\MethodoQl\build\classes" />
    <property name="user.language" value="fr" />
    <property name="sun.boot.library.path" value="C:\Program Files\Java\jdk1.8.0_65\jre\bin" />
    <property name="ant.project.default-target" value="checkstyle" />
    <property name="report.findbugs.dir" value="D:\IMIE_COURS\Methodo-QL\MethodoQl\report\findbugs" />
    <property name="ant.project.name" value="Calculatrice" />
    <property name="java.version" value="1.8.0_65" />
    <property name="user.timezone" value="" />
    <property name="sun.arch.data.model" value="64" />
    <property name="java.endorsed.dirs" value="C:\Program Files\Java\jdk1.8.0_65\jre\lib\endorsed" />
    <property name="sun.cpu.isalist" value="amd64" />
    <property name="sun.jnu.encoding" value="Cp1252" />
    <property name="file.encoding.pkg" value="sun.io" />
    <property name="file.separator" value="\" />
    <property name="java.specification.name" value="Java Platform API Specification" />
    <property name="java.class.version" value="52.0" />
    <property name="pmd.home.dir" value="D:\IMIE_COURS\Methodo-QL\MethodoQl/lib/pmd-bin-5.4.0" />
    <property name="user.country" value="FR" />
    <property name="java.home" value="C:\Program Files\Java\jdk1.8.0_65\jre" />
    <property name="java.vm.info" value="mixed mode" />
    <property name="ant.file" value="D:\IMIE_COURS\Methodo-QL\MethodoQl\build.xml" />
    <property name="os.version" value="6.3" />
    <property name="path.separator" value=";" />
    <property name="java.vm.version" value="25.65-b01" />
    <property name="report.dir" value="D:\IMIE_COURS\Methodo-QL\MethodoQl\report" />
    <property name="user.variant" value="" />
    <property name="ant.library.dir" value="D:\Programmation\Ant-1.9.6\apache-ant-1.9.6\lib" />
    <property name="java.awt.printerjob" value="sun.awt.windows.WPrinterJob" />
    <property name="sun.io.unicode.encoding" value="UnicodeLittle" />
    <property name="awt.toolkit" value="sun.awt.windows.WToolkit" />
    <property name="sun.stdout.encoding" value="cp850" />
    <property name="user.script" value="" />
    <property name="user.home" value="C:\Users\kévin" />
    <property name="java.specification.vendor" value="Oracle Corporation" />
    <property name="test.dir" value="D:\IMIE_COURS\Methodo-QL\MethodoQl\test" />
    <property name="java.library.path" value="C:\Program Files\Java\jdk1.8.0_65\jre\bin;C:\Windows\Sun\Java\bin;C:\Windows\system32;C:\Windows;C:\ProgramData\Oracle\Java\javapath;C:\Windows\system32;C:\Windows;C:\Windows\System32\Wbem;C:\Windows\System32\WindowsPowerShell\v1.0\;C:\Program Files (x86)\Skype\Phone\;C:\Program Files\Java\jre1.8.0_65\bin;C:\Program Files\Microsoft SQL Server\110\DTS\Binn\;C:\Program Files (x86)\Microsoft SQL Server\110\Tools\Binn\;C:\Program Files\Microsoft SQL Server\110\Tools\Binn\;C:\Program Files (x86)\Microsoft SQL Server\110\Tools\Binn\ManagementStudio\;C:\Program Files (x86)\Microsoft Visual Studio 10.0\Common7\IDE\PrivateAssemblies\;C:\Program Files (x86)\Microsoft SQL Server\110\DTS\Binn\;D:\wamp\bin\php\php5.5.12;C:\ProgramData\ComposerSetup\bin;D:\Programmation\Ant-1.9.6\apache-ant-1.9.6\bin;C:\Program Files (x86)\Notepad++\notepad++.exe;;." />
    <property name="java.vendor.url" value="http://java.oracle.com/" />
    <property name="bin.dir" value="D:\IMIE_COURS\Methodo-QL\MethodoQl\bin" />
    <property name="java.vm.vendor" value="Oracle Corporation" />
    <property name="java.runtime.name" value="Java(TM) SE Runtime Environment" />
    <property name="sun.java.command" value="org.apache.tools.ant.taskdefs.optional.junit.JUnitTestRunner calculatrice.FunctionTest skipNonTests=false filtertrace=true haltOnError=false haltOnFailure=false formatter=org.apache.tools.ant.taskdefs.optional.junit.SummaryJUnitResultFormatter showoutput=false outputtoformatters=true logfailedtests=true threadid=0 logtestlistenerevents=false formatter=org.apache.tools.ant.taskdefs.optional.junit.XMLJUnitResultFormatter,D:\IMIE_COURS\Methodo-QL\MethodoQl\report\test\TEST-calculatrice.FunctionTest.xml crashfile=D:\IMIE_COURS\Methodo-QL\MethodoQl\junitvmwatcher7272120210594110661.properties propsfile=D:\IMIE_COURS\Methodo-QL\MethodoQl\junit5665392302994336347.properties" />
    <property name="java.class.path" value="D:\IMIE_COURS\Methodo-QL\MethodoQl\lib\JUnit\junit-4.10.jar;D:\IMIE_COURS\Methodo-QL\MethodoQl\build\classes;D:\IMIE_COURS\Methodo-QL\MethodoQl\build\test\classes;D:\Programmation\Ant-1.9.6\apache-ant-1.9.6\lib;D:\Programmation\Ant-1.9.6\apache-ant-1.9.6\lib\ant-launcher.jar;D:\Programmation\Ant-1.9.6\apache-ant-1.9.6\lib\ant.jar;D:\Programmation\Ant-1.9.6\apache-ant-1.9.6\lib\ant-junit.jar;D:\Programmation\Ant-1.9.6\apache-ant-1.9.6\lib\ant-junit4.jar" />
    <property name="ant.version" value="Apache Ant(TM) version 1.9.6 compiled on June 29 2015" />
    <property name="edu.umd.cs.findbugs.FindBugs2.executeReturnCode.9fc7cfc4-80bf-461b-88da-a6f30706d2a7" value="1" />
    <property name="report.junit.dir" value="D:\IMIE_COURS\Methodo-QL\MethodoQl\report\junit" />
    <property name="jdk.version" value="1.7" />
    <property name="java.vm.specification.name" value="Java Virtual Machine Specification" />
    <property name="ant.file.type" value="file" />
    <property name="java.vm.specification.version" value="1.8" />
    <property name="report.test.dir" value="D:\IMIE_COURS\Methodo-QL\MethodoQl\report\test" />
    <property name="sun.cpu.endian" value="little" />
    <property name="sun.os.patch.level" value="" />
    <property name="java.io.tmpdir" value="C:\Users\KVIN~1\AppData\Local\Temp\" />
    <property name="java.vendor.url.bug" value="http://bugreport.sun.com/bugreport/" />
    <property name="os.arch" value="amd64" />
    <property name="java.awt.graphicsenv" value="sun.awt.Win32GraphicsEnvironment" />
    <property name="findbugs.home.dir" value="D:\IMIE_COURS\Methodo-QL\MethodoQl/lib/findbugs-3.0.1/" />
    <property name="java.ext.dirs" value="C:\Program Files\Java\jdk1.8.0_65\jre\lib\ext;C:\Windows\Sun\Java\lib\ext" />
    <property name="user.dir" value="D:\IMIE_COURS\Methodo-QL\MethodoQl" />
    <property name="line.separator" value="&#xd;&#xa;" />
    <property name="build.test.dir" value="D:\IMIE_COURS\Methodo-QL\MethodoQl\build\test\classes" />
    <property name="java.vm.name" value="Java HotSpot(TM) 64-Bit Server VM" />
    <property name="basedir" value="D:\IMIE_COURS\Methodo-QL\MethodoQl" />
    <property name="ant.java.version" value="1.8" />
    <property name="report.pmd.dir" value="D:\IMIE_COURS\Methodo-QL\MethodoQl\report\pmd" />
    <property name="ant.file.Calculatrice" value="D:\IMIE_COURS\Methodo-QL\MethodoQl\build.xml" />
    <property name="ant.core.lib" value="D:\Programmation\Ant-1.9.6\apache-ant-1.9.6\lib\ant.jar" />
    <property name="ant.file.type.Calculatrice" value="file" />
    <property name="file.encoding" value="Cp1252" />
    <property name="sun.stderr.encoding" value="cp850" />
    <property name="report.checkstyle.dir" value="D:\IMIE_COURS\Methodo-QL\MethodoQl\report\checkstyle" />
    <property name="java.specification.version" value="1.8" />
    <property name="src.dir" value="D:\IMIE_COURS\Methodo-QL\MethodoQl\src\calculatrice" />
    <property name="ant.project.invoked-targets" value="checkstyle" />
  </properties>
  <testcase classname="calculatrice.FunctionTest" name="testMultiplication" time="0.003" />
  <testcase classname="calculatrice.FunctionTest" name="testAddition" time="0.0" />
  <system-out><![CDATA[multiplication
addition
]]></system-out>
  <system-err><![CDATA[]]></system-err>
</testsuite>
