<?xml version="1.0" encoding="UTF-8" ?>
<testsuite errors="1" failures="0" hostname="kevin" name="FunctionTest" skipped="0" tests="1" time="0.0" timestamp="2015-10-14T22:23:24">
  <properties>
    <property name="java.vendor" value="Oracle Corporation" />
    <property name="lib.dir" value="C:\Users\kevin\Documents\NetBeansProjects\Calculatrice\lib" />
    <property name="sun.java.launcher" value="SUN_STANDARD" />
    <property name="sun.management.compiler" value="HotSpot 64-Bit Tiered Compilers" />
    <property name="checkstyle.home.dir" value="C:\Users\kevin\Documents\NetBeansProjects\Calculatrice\lib\checkstyle" />
    <property name="os.name" value="Windows 8.1" />
    <property name="sun.boot.class.path" value="C:\Program Files\Java\jdk1.8.0_25\jre\lib\resources.jar;C:\Program Files\Java\jdk1.8.0_25\jre\lib\rt.jar;C:\Program Files\Java\jdk1.8.0_25\jre\lib\sunrsasign.jar;C:\Program Files\Java\jdk1.8.0_25\jre\lib\jsse.jar;C:\Program Files\Java\jdk1.8.0_25\jre\lib\jce.jar;C:\Program Files\Java\jdk1.8.0_25\jre\lib\charsets.jar;C:\Program Files\Java\jdk1.8.0_25\jre\lib\jfr.jar;C:\Program Files\Java\jdk1.8.0_25\jre\classes" />
    <property name="sun.desktop" value="windows" />
    <property name="java.vm.specification.vendor" value="Oracle Corporation" />
    <property name="ant.home" value="D:\apache-ant-1.9.6" />
    <property name="java.runtime.version" value="1.8.0_25-b18" />
    <property name="user.name" value="kevin" />
    <property name="build.dir" value="C:\Users\kevin\Documents\NetBeansProjects\Calculatrice\build\classes" />
    <property name="user.language" value="fr" />
    <property name="sun.boot.library.path" value="C:\Program Files\Java\jdk1.8.0_25\jre\bin" />
    <property name="ant.project.default-target" value="junit" />
    <property name="report.findbugs.dir" value="C:\Users\kevin\Documents\NetBeansProjects\Calculatrice\report\findbugs" />
    <property name="ant.project.name" value="Calculatrice" />
    <property name="java.version" value="1.8.0_25" />
    <property name="user.timezone" value="Europe/Paris" />
    <property name="sun.arch.data.model" value="64" />
    <property name="java.endorsed.dirs" value="C:\Program Files\Java\jdk1.8.0_25\jre\lib\endorsed" />
    <property name="sun.cpu.isalist" value="amd64" />
    <property name="sun.jnu.encoding" value="Cp1252" />
    <property name="file.encoding.pkg" value="sun.io" />
    <property name="file.separator" value="\" />
    <property name="java.specification.name" value="Java Platform API Specification" />
    <property name="java.class.version" value="52.0" />
    <property name="pmd.home.dir" value="lib/pmd-bin-5.4.0" />
    <property name="user.country" value="FR" />
    <property name="java.home" value="C:\Program Files\Java\jdk1.8.0_25\jre" />
    <property name="java.vm.info" value="mixed mode" />
    <property name="ant.file" value="C:\Users\kevin\Documents\NetBeansProjects\Calculatrice\build.xml" />
    <property name="os.version" value="6.3" />
    <property name="path.separator" value=";" />
    <property name="java.vm.version" value="25.25-b02" />
    <property name="report.dir" value="C:\Users\kevin\Documents\NetBeansProjects\Calculatrice\report" />
    <property name="user.variant" value="" />
    <property name="ant.library.dir" value="D:\apache-ant-1.9.6\lib" />
    <property name="java.awt.printerjob" value="sun.awt.windows.WPrinterJob" />
    <property name="sun.io.unicode.encoding" value="UnicodeLittle" />
    <property name="awt.toolkit" value="sun.awt.windows.WToolkit" />
    <property name="sun.stdout.encoding" value="cp850" />
    <property name="user.script" value="" />
    <property name="edu.umd.cs.findbugs.FindBugs2.executeReturnCode.9912b8ec-c438-4220-abb9-56e16f759522" value="1" />
    <property name="user.home" value="C:\Users\kevin" />
    <property name="java.specification.vendor" value="Oracle Corporation" />
    <property name="test.dir" value="C:\Users\kevin\Documents\NetBeansProjects\Calculatrice\test\calculatrice" />
    <property name="java.library.path" value="C:\Program Files\Java\jdk1.8.0_25\jre\bin;C:\WINDOWS\Sun\Java\bin;C:\WINDOWS\system32;C:\WINDOWS;C:\Program Files (x86)\NVIDIA Corporation\PhysX\Common;C:\ProgramData\Oracle\Java\javapath;C:\Program Files (x86)\Intel\iCLS Client\;C:\Program Files\Intel\iCLS Client\;C:\WINDOWS\system32;C:\WINDOWS;C:\WINDOWS\System32\Wbem;C:\WINDOWS\System32\WindowsPowerShell\v1.0\;C:\Program Files\Intel\Intel(R) Management Engine Components\DAL;C:\Program Files\Intel\Intel(R) Management Engine Components\IPT;C:\Program Files (x86)\Intel\Intel(R) Management Engine Components\DAL;C:\Program Files (x86)\Intel\Intel(R) Management Engine Components\IPT;C:\Program Files (x86)\Intel\OpenCL SDK\2.0\bin\x86;C:\Program Files (x86)\Intel\OpenCL SDK\2.0\bin\x64;D:\wamp\bin\php\php5.5.12;C:\ProgramData\ComposerSetup\bin;C:\Program Files\Microsoft SQL Server\110\Tools\Binn\;C:\Program Files\Java\jdk1.8.0_25\bin;C:\Users\kevin\AppData\Local\Android\sdk\platform-tools;C:\Program Files (x86)\MonoDevelop\bin;C:\Program Files (x86)\GtkSharp\2.12;C:\Program Files (x86)\Xamarin Studio;C:\Program Files (x86)\Mono\bin;C:\Program Files (x86)\GtkSharp\2.12\bin;C:\Program Files\Common Files\Autodesk Shared\;C:\Program Files (x86)\Autodesk\Backburner\;C:\Program Files (x86)\Windows Kits\8.1\Windows Performance Toolkit\;C:\Program Files\Microsoft SQL Server\110\DTS\Binn\;C:\Program Files (x86)\Microsoft SQL Server\110\Tools\Binn\;C:\Program Files (x86)\Microsoft SQL Server\110\Tools\Binn\ManagementStudio\;C:\Program Files (x86)\Microsoft Visual Studio 10.0\Common7\IDE\PrivateAssemblies\;C:\Program Files (x86)\Microsoft SQL Server\110\DTS\Binn\;C:\Program Files (x86)\QuickTime\QTSystem\;C:\Program Files (x86)\Skype\Phone\;D:\apache-ant-1.9.6\bin\;;." />
    <property name="java.vendor.url" value="http://java.oracle.com/" />
    <property name="java.vm.vendor" value="Oracle Corporation" />
    <property name="java.runtime.name" value="Java(TM) SE Runtime Environment" />
    <property name="sun.java.command" value="org.apache.tools.ant.taskdefs.optional.junit.JUnitTestRunner FunctionTest skipNonTests=false filtertrace=true haltOnError=false haltOnFailure=true formatter=org.apache.tools.ant.taskdefs.optional.junit.SummaryJUnitResultFormatter showoutput=false outputtoformatters=true logfailedtests=true threadid=0 logtestlistenerevents=false formatter=org.apache.tools.ant.taskdefs.optional.junit.XMLJUnitResultFormatter,C:\Users\kevin\Documents\NetBeansProjects\Calculatrice\report\test\TEST-FunctionTest.xml crashfile=C:\Users\kevin\Documents\NetBeansProjects\Calculatrice\junitvmwatcher4876285750248896628.properties propsfile=C:\Users\kevin\Documents\NetBeansProjects\Calculatrice\junit805800736816196498.properties" />
    <property name="java.class.path" value="C:\Users\kevin\Documents\NetBeansProjects\Calculatrice\lib\JUnit\junit-4.10.jar;C:\Users\kevin\Documents\NetBeansProjects\Calculatrice\build\classes;C:\Users\kevin\Documents\NetBeansProjects\Calculatrice\build\test\classes;C:\Users\kevin\Documents\NetBeansProjects\Calculatrice;C:\Program Files (x86)\QuickTime\QTSystem\QTJava.zip;D:\apache-ant-1.9.6\lib\ant-launcher.jar;D:\apache-ant-1.9.6\lib\ant.jar;D:\apache-ant-1.9.6\lib\ant-junit.jar;D:\apache-ant-1.9.6\lib\ant-junit4.jar" />
    <property name="ant.version" value="Apache Ant(TM) version 1.9.6 compiled on June 29 2015" />
    <property name="report.junit.dir" value="C:\Users\kevin\Documents\NetBeansProjects\Calculatrice\report\junit" />
    <property name="jdk.version" value="1.7" />
    <property name="java.vm.specification.name" value="Java Virtual Machine Specification" />
    <property name="ant.file.type" value="file" />
    <property name="java.vm.specification.version" value="1.8" />
    <property name="report.test.dir" value="C:\Users\kevin\Documents\NetBeansProjects\Calculatrice\report\test" />
    <property name="sun.cpu.endian" value="little" />
    <property name="sun.os.patch.level" value="" />
    <property name="java.io.tmpdir" value="C:\Users\kevin\AppData\Local\Temp\" />
    <property name="java.vendor.url.bug" value="http://bugreport.sun.com/bugreport/" />
    <property name="os.arch" value="amd64" />
    <property name="java.awt.graphicsenv" value="sun.awt.Win32GraphicsEnvironment" />
    <property name="findbugs.home.dir" value="lib/findbugs-3.0.1/" />
    <property name="java.ext.dirs" value="C:\Program Files\Java\jdk1.8.0_25\jre\lib\ext;C:\WINDOWS\Sun\Java\lib\ext" />
    <property name="user.dir" value="C:\Users\kevin\Documents\NetBeansProjects\Calculatrice" />
    <property name="line.separator" value="&#xd;&#xa;" />
    <property name="build.test.dir" value="C:\Users\kevin\Documents\NetBeansProjects\Calculatrice\build\test\classes" />
    <property name="java.vm.name" value="Java HotSpot(TM) 64-Bit Server VM" />
    <property name="basedir" value="C:\Users\kevin\Documents\NetBeansProjects\Calculatrice" />
    <property name="ant.java.version" value="1.8" />
    <property name="report.pmd.dir" value="C:\Users\kevin\Documents\NetBeansProjects\Calculatrice\report\pmd" />
    <property name="ant.file.Calculatrice" value="C:\Users\kevin\Documents\NetBeansProjects\Calculatrice\build.xml" />
    <property name="ant.core.lib" value="D:\apache-ant-1.9.6\lib\ant.jar" />
    <property name="sun.stderr.encoding" value="cp850" />
    <property name="ant.file.type.Calculatrice" value="file" />
    <property name="file.encoding" value="Cp1252" />
    <property name="report.checkstyle.dir" value="C:\Users\kevin\Documents\NetBeansProjects\Calculatrice\report\checkstyle" />
    <property name="java.specification.version" value="1.8" />
    <property name="src.dir" value="C:\Users\kevin\Documents\NetBeansProjects\Calculatrice\src\calculatrice" />
    <property name="ant.project.invoked-targets" value="junit" />
  </properties>
  <error message="FunctionTest" type="java.lang.ClassNotFoundException">java.lang.ClassNotFoundException: FunctionTest
	at java.net.URLClassLoader$1.run(URLClassLoader.java:372)
	at java.net.URLClassLoader$1.run(URLClassLoader.java:361)
	at java.security.AccessController.doPrivileged(Native Method)
	at java.net.URLClassLoader.findClass(URLClassLoader.java:360)
	at java.lang.ClassLoader.loadClass(ClassLoader.java:424)
	at sun.misc.Launcher$AppClassLoader.loadClass(Launcher.java:308)
	at java.lang.ClassLoader.loadClass(ClassLoader.java:357)
	at java.lang.Class.forName0(Native Method)
	at java.lang.Class.forName(Class.java:260)
</error>
  <system-out><![CDATA[]]></system-out>
  <system-err><![CDATA[]]></system-err>
</testsuite>
